\BOOKMARK [1][-]{Doc-Start}{\376\377\000H\000i\000s\000t\000o\000r\000i\000q\000u\000e\000\040\000d\000e\000s\000\040\000v\000e\000r\000s\000i\000o\000n\000s}{}% 1
\BOOKMARK [1][-]{section.1}{\376\377\000P\000r\000\351\000s\000e\000n\000t\000a\000t\000i\000o\000n\000\040\000g\000\351\000n\000\351\000r\000a\000l\000e}{}% 2
\BOOKMARK [2][-]{subsection.1.1}{\376\377\000C\000o\000n\000t\000e\000x\000t\000e\000\040\000d\000u\000\040\000p\000r\000o\000j\000e\000t}{section.1}% 3
\BOOKMARK [2][-]{subsection.1.2}{\376\377\000O\000b\000j\000e\000c\000t\000i\000f\000s}{section.1}% 4
\BOOKMARK [2][-]{subsection.1.3}{\376\377\000P\000\351\000r\000i\000m\000\350\000t\000r\000e\000\040\000f\000o\000n\000c\000t\000i\000o\000n\000n\000e\000l}{section.1}% 5
\BOOKMARK [2][-]{subsection.1.4}{\376\377\000H\000o\000r\000s\000\040\000p\000\351\000r\000i\000m\000\350\000t\000r\000e\000\040\000\050\000p\000r\000\351\000v\000u\000\040\000e\000n\000\040\000p\000h\000a\000s\000e\000\040\0002\000\051}{section.1}% 6
\BOOKMARK [1][-]{section.2}{\376\377\000G\000e\000s\000t\000i\000o\000n\000\040\000d\000e\000s\000\040\000u\000t\000i\000l\000i\000s\000a\000t\000e\000u\000r\000s}{}% 7
\BOOKMARK [2][-]{subsection.2.1}{\376\377\000O\000p\000\351\000r\000a\000t\000i\000o\000n\000s\000\040\000s\000u\000r\000\040\000l\000e\000s\000\040\000u\000t\000i\000l\000i\000s\000a\000t\000e\000u\000r\000s}{section.2}% 8
\BOOKMARK [2][-]{subsection.2.2}{\376\377\000R\000\364\000l\000e\000s\000\040\000e\000t\000\040\000p\000e\000r\000m\000i\000s\000s\000i\000o\000n\000s}{section.2}% 9
\BOOKMARK [2][-]{subsection.2.3}{\376\377\000G\000r\000o\000u\000p\000e\000s\000\040\000d\000'\000u\000t\000i\000l\000i\000s\000a\000t\000e\000u\000r\000s}{section.2}% 10
\BOOKMARK [2][-]{subsection.2.4}{\376\377\000A\000n\000n\000u\000a\000i\000r\000e}{section.2}% 11
\BOOKMARK [2][-]{subsection.2.5}{\376\377\000A\000d\000m\000i\000n\000i\000s\000t\000r\000a\000t\000i\000o\000n\000\040\000a\000u\000\040\000q\000u\000o\000t\000i\000d\000i\000e\000n}{section.2}% 12
\BOOKMARK [2][-]{subsection.2.6}{\376\377\000M\000a\000t\000r\000i\000c\000e\000\040\000d\000e\000s\000\040\000p\000e\000r\000m\000i\000s\000s\000i\000o\000n\000s}{section.2}% 13
\BOOKMARK [1][-]{section.3}{\376\377\000G\000e\000s\000t\000i\000o\000n\000\040\000d\000o\000c\000u\000m\000e\000n\000t\000a\000i\000r\000e}{}% 14
\BOOKMARK [2][-]{subsection.3.1}{\376\377\000A\000r\000b\000o\000r\000e\000s\000c\000e\000n\000c\000e\000\040\000d\000e\000\040\000d\000o\000s\000s\000i\000e\000r\000s\000\040\000\050\000t\000y\000p\000e\000\040\000G\000o\000o\000g\000l\000e\000\040\000D\000r\000i\000v\000e\000\051}{section.3}% 15
\BOOKMARK [3][-]{subsubsection.3.1.1}{\376\377\000N\000a\000v\000i\000g\000a\000t\000i\000o\000n}{subsection.3.1}% 16
\BOOKMARK [3][-]{subsubsection.3.1.2}{\376\377\000O\000p\000\351\000r\000a\000t\000i\000o\000n\000s\000\040\000s\000u\000r\000\040\000l\000e\000s\000\040\000d\000o\000s\000s\000i\000e\000r\000s\000\040\000\050\000a\000d\000m\000i\000n\000i\000s\000t\000r\000a\000t\000e\000u\000r\000\051}{subsection.3.1}% 17
\BOOKMARK [3][-]{subsubsection.3.1.3}{\376\377\000I\000m\000p\000o\000r\000t\000e\000r\000\040\000u\000n\000e\000\040\000a\000r\000b\000o\000r\000e\000s\000c\000e\000n\000c\000e\000\040\000e\000x\000i\000s\000t\000a\000n\000t\000e}{subsection.3.1}% 18
\BOOKMARK [3][-]{subsubsection.3.1.4}{\376\377\000D\000r\000o\000i\000t\000s\000\040\000d\000'\000a\000c\000c\000\350\000s\000\040\000p\000a\000r\000\040\000d\000o\000s\000s\000i\000e\000r}{subsection.3.1}% 19
\BOOKMARK [2][-]{subsection.3.2}{\376\377\000F\000o\000r\000m\000a\000t\000s\000\040\000d\000e\000\040\000f\000i\000c\000h\000i\000e\000r\000s\000\040\000a\000c\000c\000e\000p\000t\000\351\000s}{section.3}% 20
\BOOKMARK [2][-]{subsection.3.3}{\376\377\000F\000i\000c\000h\000i\000e\000r\000s\000\040\000a\000u\000d\000i\000o\000\040\000e\000t\000\040\000v\000i\000d\000\351\000o\000\040\000\050\000M\000P\0004\000\051}{section.3}% 21
\BOOKMARK [2][-]{subsection.3.4}{\376\377\000T\000\351\000l\000\351\000v\000e\000r\000s\000e\000r\000\040\000u\000n\000\040\000d\000o\000c\000u\000m\000e\000n\000t}{section.3}% 22
\BOOKMARK [2][-]{subsection.3.5}{\376\377\000P\000a\000g\000e\000\040\000d\000e\000\040\000d\000\351\000t\000a\000i\000l\000\040\000d\000'\000u\000n\000\040\000d\000o\000c\000u\000m\000e\000n\000t}{section.3}% 23
\BOOKMARK [2][-]{subsection.3.6}{\376\377\000V\000e\000r\000s\000i\000o\000n\000i\000n\000g}{section.3}% 24
\BOOKMARK [2][-]{subsection.3.7}{\376\377\000C\000y\000c\000l\000e\000\040\000d\000e\000\040\000v\000i\000e\000\040\000d\000e\000s\000\040\000d\000o\000c\000u\000m\000e\000n\000t\000s}{section.3}% 25
\BOOKMARK [3][-]{subsubsection.3.7.1}{\376\377\000L\000i\000e\000n\000\040\000e\000n\000t\000r\000e\000\040\000s\000t\000a\000t\000u\000t\000\040\000e\000t\000\040\000v\000e\000r\000s\000i\000o\000n}{subsection.3.7}% 26
\BOOKMARK [1][-]{section.4}{\376\377\000R\000e\000c\000h\000e\000r\000c\000h\000e\000\040\000e\000t\000\040\000a\000c\000c\000\350\000s\000\040\000\340\000\040\000l\000'\000i\000n\000f\000o\000r\000m\000a\000t\000i\000o\000n}{}% 27
\BOOKMARK [2][-]{subsection.4.1}{\376\377\000R\000e\000c\000h\000e\000r\000c\000h\000e\000\040\000p\000a\000r\000\040\000m\000o\000t\000s\000-\000c\000l\000\351\000s}{section.4}% 28
\BOOKMARK [2][-]{subsection.4.2}{\376\377\000R\000e\000c\000h\000e\000r\000c\000h\000e\000\040\000d\000a\000n\000s\000\040\000l\000e\000\040\000c\000o\000n\000t\000e\000n\000u\000\040\000d\000e\000s\000\040\000f\000i\000c\000h\000i\000e\000r\000s}{section.4}% 29
\BOOKMARK [2][-]{subsection.4.3}{\376\377\000F\000i\000l\000t\000r\000e\000s\000\040\000e\000t\000\040\000t\000r\000i}{section.4}% 30
\BOOKMARK [2][-]{subsection.4.4}{\376\377\000R\000e\000c\000h\000e\000r\000c\000h\000e\000\040\000d\000a\000n\000s\000\040\000l\000'\000a\000n\000n\000u\000a\000i\000r\000e}{section.4}% 31
\BOOKMARK [1][-]{section.5}{\376\377\000C\000o\000l\000l\000a\000b\000o\000r\000a\000t\000i\000o\000n}{}% 32
\BOOKMARK [2][-]{subsection.5.1}{\376\377\000\311\000d\000i\000t\000i\000o\000n\000\040\000c\000o\000l\000l\000a\000b\000o\000r\000a\000t\000i\000v\000e}{section.5}% 33
\BOOKMARK [2][-]{subsection.5.2}{\376\377\000F\000i\000l\000s\000\040\000d\000e\000\040\000d\000i\000s\000c\000u\000s\000s\000i\000o\000n}{section.5}% 34
\BOOKMARK [2][-]{subsection.5.3}{\376\377\000P\000a\000r\000t\000a\000g\000e}{section.5}% 35
\BOOKMARK [1][-]{section.6}{\376\377\000S\000\351\000c\000u\000r\000i\000t\000\351\000\040\000e\000t\000\040\000c\000o\000n\000f\000o\000r\000m\000i\000t\000\351}{}% 36
\BOOKMARK [2][-]{subsection.6.1}{\376\377\000A\000u\000t\000h\000e\000n\000t\000i\000f\000i\000c\000a\000t\000i\000o\000n}{section.6}% 37
\BOOKMARK [2][-]{subsection.6.2}{\376\377\000C\000o\000n\000f\000o\000r\000m\000i\000t\000\351\000\040\000R\000G\000P\000D}{section.6}% 38
\BOOKMARK [2][-]{subsection.6.3}{\376\377\000S\000u\000p\000e\000r\000v\000i\000s\000i\000o\000n\000\040\000d\000e\000\040\000l\000'\000h\000\351\000b\000e\000r\000g\000e\000m\000e\000n\000t}{section.6}% 39
\BOOKMARK [2][-]{subsection.6.4}{\376\377\000P\000r\000o\000t\000e\000c\000t\000i\000o\000n\000\040\000d\000e\000s\000\040\000f\000i\000c\000h\000i\000e\000r\000s}{section.6}% 40
\BOOKMARK [1][-]{section.7}{\376\377\000A\000r\000c\000h\000i\000v\000a\000g\000e\000\040\000e\000t\000\040\000s\000a\000u\000v\000e\000g\000a\000r\000d\000e}{}% 41
\BOOKMARK [2][-]{subsection.7.1}{\376\377\000A\000r\000c\000h\000i\000v\000a\000g\000e}{section.7}% 42
\BOOKMARK [2][-]{subsection.7.2}{\376\377\000S\000a\000u\000v\000e\000g\000a\000r\000d\000e}{section.7}% 43
\BOOKMARK [1][-]{section.8}{\376\377\000I\000n\000t\000e\000r\000f\000a\000c\000e\000\040\000u\000t\000i\000l\000i\000s\000a\000t\000e\000u\000r}{}% 44
\BOOKMARK [2][-]{subsection.8.1}{\376\377\000T\000a\000b\000l\000e\000a\000u\000\040\000d\000e\000\040\000b\000o\000r\000d}{section.8}% 45
\BOOKMARK [2][-]{subsection.8.2}{\376\377\000N\000a\000v\000i\000g\000a\000t\000i\000o\000n}{section.8}% 46
\BOOKMARK [2][-]{subsection.8.3}{\376\377\000P\000r\000i\000n\000c\000i\000p\000e\000s\000\040\000d\000'\000i\000n\000t\000e\000r\000f\000a\000c\000e}{section.8}% 47
\BOOKMARK [1][-]{section.9}{\376\377\000J\000o\000u\000r\000n\000a\000l\000\040\000d\000'\000a\000c\000t\000i\000v\000i\000t\000\351}{}% 48
\BOOKMARK [1][-]{section.10}{\376\377\000E\000x\000i\000g\000e\000n\000c\000e\000s\000\040\000g\000\351\000n\000\351\000r\000a\000l\000e\000s}{}% 49
\BOOKMARK [2][-]{subsection.10.1}{\376\377\000P\000e\000r\000f\000o\000r\000m\000a\000n\000c\000e}{section.10}% 50
\BOOKMARK [2][-]{subsection.10.2}{\376\377\000D\000i\000s\000p\000o\000n\000i\000b\000i\000l\000i\000t\000\351}{section.10}% 51
\BOOKMARK [2][-]{subsection.10.3}{\376\377\000\311\000v\000o\000l\000u\000t\000i\000v\000i\000t\000\351}{section.10}% 52
\BOOKMARK [1][-]{section.11}{\376\377\000G\000l\000o\000s\000s\000a\000i\000r\000e}{}% 53
