\BOOKMARK [1][-]{Doc-Start}{\376\377\000H\000i\000s\000t\000o\000r\000i\000q\000u\000e\000\040\000d\000e\000s\000\040\000v\000e\000r\000s\000i\000o\000n\000s}{}% 1
\BOOKMARK [1][-]{section.1}{\376\377\000P\000r\000\351\000s\000e\000n\000t\000a\000t\000i\000o\000n\000\040\000g\000\351\000n\000\351\000r\000a\000l\000e}{}% 2
\BOOKMARK [2][-]{subsection.1.1}{\376\377\000C\000o\000n\000t\000e\000x\000t\000e}{section.1}% 3
\BOOKMARK [2][-]{subsection.1.2}{\376\377\000P\000\351\000r\000i\000m\000\350\000t\000r\000e\000\040\000d\000u\000\040\000d\000o\000c\000u\000m\000e\000n\000t}{section.1}% 4
\BOOKMARK [1][-]{section.2}{\376\377\000F\000r\000a\000m\000e\000w\000o\000r\000k\000\040\000a\000p\000p\000l\000i\000c\000a\000t\000i\000f}{}% 5
\BOOKMARK [2][-]{subsection.2.1}{\376\377\000N\000e\000x\000t\000.\000j\000s\000\040\040\024\000\040\000F\000r\000a\000m\000e\000w\000o\000r\000k\000\040\000p\000r\000i\000n\000c\000i\000p\000a\000l}{section.2}% 6
\BOOKMARK [2][-]{subsection.2.2}{\376\377\000R\000e\000a\000c\000t\000\040\000e\000t\000\040\000i\000n\000t\000e\000r\000f\000a\000c\000e\000\040\000u\000t\000i\000l\000i\000s\000a\000t\000e\000u\000r}{section.2}% 7
\BOOKMARK [2][-]{subsection.2.3}{\376\377\000S\000t\000y\000l\000e\000s}{section.2}% 8
\BOOKMARK [1][-]{section.3}{\376\377\000B\000a\000s\000e\000\040\000d\000e\000\040\000d\000o\000n\000n\000\351\000e\000s}{}% 9
\BOOKMARK [2][-]{subsection.3.1}{\376\377\000O\000R\000M\000\040\040\024\000\040\000P\000r\000i\000s\000m\000a}{section.3}% 10
\BOOKMARK [2][-]{subsection.3.2}{\376\377\000B\000a\000s\000e\000\040\000d\000e\000\040\000d\000o\000n\000n\000\351\000e\000s\000\040\000S\000Q\000L\000i\000t\000e}{section.3}% 11
\BOOKMARK [2][-]{subsection.3.3}{\376\377\000M\000o\000d\000\350\000l\000e\000\040\000d\000e\000\040\000d\000o\000n\000n\000\351\000e\000s}{section.3}% 12
\BOOKMARK [1][-]{section.4}{\376\377\000A\000u\000t\000h\000e\000n\000t\000i\000f\000i\000c\000a\000t\000i\000o\000n\000\040\000e\000t\000\040\000s\000\351\000c\000u\000r\000i\000t\000\351}{}% 13
\BOOKMARK [2][-]{subsection.4.1}{\376\377\000N\000e\000x\000t\000A\000u\000t\000h\000.\000j\000s}{section.4}% 14
\BOOKMARK [2][-]{subsection.4.2}{\376\377\000M\000\351\000c\000a\000n\000i\000s\000m\000e\000s\000\040\000d\000e\000\040\000s\000\351\000c\000u\000r\000i\000t\000\351}{section.4}% 15
\BOOKMARK [1][-]{section.5}{\376\377\000S\000t\000o\000c\000k\000a\000g\000e\000\040\000d\000e\000s\000\040\000f\000i\000c\000h\000i\000e\000r\000s}{}% 16
\BOOKMARK [2][-]{subsection.5.1}{\376\377\000P\000r\000i\000n\000c\000i\000p\000e\000\040\000d\000e\000\040\000s\000t\000o\000c\000k\000a\000g\000e}{section.5}% 17
\BOOKMARK [2][-]{subsection.5.2}{\376\377\000T\000y\000p\000e\000s\000\040\000d\000e\000\040\000f\000i\000c\000h\000i\000e\000r\000s\000\040\000a\000c\000c\000e\000p\000t\000\351\000s}{section.5}% 18
\BOOKMARK [1][-]{section.6}{\376\377\000I\000n\000f\000r\000a\000s\000t\000r\000u\000c\000t\000u\000r\000e\000\040\000e\000t\000\040\000h\000\351\000b\000e\000r\000g\000e\000m\000e\000n\000t}{}% 19
\BOOKMARK [2][-]{subsection.6.1}{\376\377\000S\000y\000s\000t\000\350\000m\000e\000\040\000d\000'\000e\000x\000p\000l\000o\000i\000t\000a\000t\000i\000o\000n\000\040\040\024\000\040\000D\000e\000b\000i\000a\000n\000\040\0001\0001}{section.6}% 20
\BOOKMARK [2][-]{subsection.6.2}{\376\377\000H\000\351\000b\000e\000r\000g\000e\000u\000r\000\040\040\024\000\040\000O\000V\000H\000\040\000\050\000V\000P\000S\000\051}{section.6}% 21
\BOOKMARK [2][-]{subsection.6.3}{\376\377\000A\000r\000c\000h\000i\000t\000e\000c\000t\000u\000r\000e\000\040\000s\000e\000r\000v\000e\000u\000r}{section.6}% 22
\BOOKMARK [2][-]{subsection.6.4}{\376\377\000S\000p\000\351\000c\000i\000f\000i\000c\000a\000t\000i\000o\000n\000s\000\040\000s\000e\000r\000v\000e\000u\000r\000\040\000r\000e\000c\000o\000m\000m\000a\000n\000d\000\351\000e\000s}{section.6}% 23
\BOOKMARK [2][-]{subsection.6.5}{\376\377\000A\000b\000s\000e\000n\000c\000e\000\040\000d\000e\000\040\000c\000o\000n\000t\000e\000n\000e\000u\000r\000i\000s\000a\000t\000i\000o\000n}{section.6}% 24
\BOOKMARK [1][-]{section.7}{\376\377\000O\000u\000t\000i\000l\000s\000\040\000d\000e\000\040\000d\000\351\000v\000e\000l\000o\000p\000p\000e\000m\000e\000n\000t}{}% 25
\BOOKMARK [2][-]{subsection.7.1}{\376\377\000C\000h\000a\000\356\000n\000e\000\040\000d\000e\000\040\000b\000u\000i\000l\000d}{section.7}% 26
\BOOKMARK [2][-]{subsection.7.2}{\376\377\000S\000c\000r\000i\000p\000t\000s\000\040\000d\000i\000s\000p\000o\000n\000i\000b\000l\000e\000s}{section.7}% 27
\BOOKMARK [2][-]{subsection.7.3}{\376\377\000V\000a\000r\000i\000a\000b\000l\000e\000s\000\040\000d\000'\000e\000n\000v\000i\000r\000o\000n\000n\000e\000m\000e\000n\000t}{section.7}% 28
\BOOKMARK [1][-]{section.8}{\376\377\000P\000e\000r\000s\000p\000e\000c\000t\000i\000v\000e\000s\000\040\040\024\000\040\000P\000h\000a\000s\000e\000\040\0002\000\040\000:\000\040\000I\000n\000t\000e\000l\000l\000i\000g\000e\000n\000c\000e\000\040\000A\000r\000t\000i\000f\000i\000c\000i\000e\000l\000l\000e}{}% 29
\BOOKMARK [2][-]{subsection.8.1}{\376\377\000I\000n\000t\000\351\000g\000r\000a\000t\000i\000o\000n\000\040\000I\000A\000\040\000e\000x\000i\000s\000t\000a\000n\000t\000e}{section.8}% 30
\BOOKMARK [2][-]{subsection.8.2}{\376\377\000C\000o\000n\000s\000i\000d\000\351\000r\000a\000t\000i\000o\000n\000s\000\040\000s\000u\000r\000\040\000l\000e\000s\000\040\000c\000o\000\373\000t\000s\000\040\000d\000'\000i\000n\000f\000r\000a\000s\000t\000r\000u\000c\000t\000u\000r\000e\000\040\000I\000A}{section.8}% 31
\BOOKMARK [1][-]{section.9}{\376\377\000S\000y\000n\000t\000h\000\350\000s\000e}{}% 32
